<?xml version="1.0" encoding="UTF-8"?>
<!-- Generated by org.testng.reporters.JUnitXMLReporter -->
<testsuite ignored="0" hostname="YASHSHRI" failures="0" tests="4" name="Default test" time="5.374" errors="0" timestamp="2026-04-06T12:14:12 IST">
  <testcase classname="tests.UserTest" name="testCreateUser" time="1.923"/>
  <testcase classname="tests.UserTest" name="testDeleteUser" time="0.998"/>
  <testcase classname="tests.UserTest" name="testGetUser" time="0.525"/>
  <testcase classname="tests.UserTest" name="testUpdateUser" time="1.395"/>
</testsuite> <!-- Default test -->
