<?xml version="1.0" encoding="UTF-8"?>
<testng-results ignored="0" total="4" passed="4" failed="0" skipped="0">
  <reporter-output>
  </reporter-output>
  <suite started-at="2026-04-06T12:14:07 IST" name="Default suite" finished-at="2026-04-06T12:14:12 IST" duration-ms="5374">
    <groups>
    </groups>
    <test started-at="2026-04-06T12:14:07 IST" name="Default test" finished-at="2026-04-06T12:14:12 IST" duration-ms="5374">
      <class name="tests.UserTest">
        <test-method is-config="true" signature="setup()[pri:0, instance:tests.UserTest@4ec4f3a0]" started-at="2026-04-06T12:14:07 IST" name="setup" finished-at="2026-04-06T12:14:07 IST" duration-ms="472" status="PASS">
          <reporter-output>
          </reporter-output>
        </test-method> <!-- setup -->
        <test-method signature="testCreateUser()[pri:0, instance:tests.UserTest@4ec4f3a0]" started-at="2026-04-06T12:14:07 IST" name="testCreateUser" finished-at="2026-04-06T12:14:09 IST" duration-ms="1923" status="PASS">
          <reporter-output>
          </reporter-output>
        </test-method> <!-- testCreateUser -->
        <test-method signature="testDeleteUser()[pri:0, instance:tests.UserTest@4ec4f3a0]" started-at="2026-04-06T12:14:09 IST" name="testDeleteUser" finished-at="2026-04-06T12:14:10 IST" duration-ms="998" status="PASS">
          <reporter-output>
          </reporter-output>
        </test-method> <!-- testDeleteUser -->
        <test-method signature="testGetUser()[pri:0, instance:tests.UserTest@4ec4f3a0]" started-at="2026-04-06T12:14:10 IST" name="testGetUser" finished-at="2026-04-06T12:14:11 IST" duration-ms="525" status="PASS">
          <reporter-output>
          </reporter-output>
        </test-method> <!-- testGetUser -->
        <test-method signature="testUpdateUser()[pri:0, instance:tests.UserTest@4ec4f3a0]" started-at="2026-04-06T12:14:11 IST" name="testUpdateUser" finished-at="2026-04-06T12:14:12 IST" duration-ms="1395" status="PASS">
          <reporter-output>
          </reporter-output>
        </test-method> <!-- testUpdateUser -->
      </class> <!-- tests.UserTest -->
    </test> <!-- Default test -->
  </suite> <!-- Default suite -->
</testng-results>
