<?xml version="1.0" encoding="UTF-8"?>
<!-- Generated by org.testng.reporters.JUnitReportReporter -->
<testsuite hostname="YASHSHRI" failures="0" tests="4" name="tests.UserTest" time="4.841" errors="0" timestamp="2026-04-06T12:14:12 IST" skipped="0">
  <testcase classname="tests.UserTest" name="testUpdateUser" time="1.395"/>
  <testcase classname="tests.UserTest" name="testCreateUser" time="1.923"/>
  <testcase classname="tests.UserTest" name="testGetUser" time="0.525"/>
  <testcase classname="tests.UserTest" name="testDeleteUser" time="0.998"/>
</testsuite> <!-- tests.UserTest -->
